Mar 15 05:49 : update: added Ed Maverick/Acurrucar/01 Ed Maverick - Acurrucar.mp3
Mar 15 05:49 : update: added Ed Maverick/Quiero/01 Ed Maverick - Quiero.flac
Mar 15 05:49 : update: added Ed Maverick/Ropa De Bazar/01 Ed Maverick - Ropa De Barzar.mp3
Mar 15 05:49 : update: added Ed Maverick/mix pa llorar en tu cuarto/05 Ed Maverick - Karpe Diem.mp3
Mar 15 05:49 : update: added Ed Maverick/mix pa llorar en tu cuarto/09 Ed Maverick - Wru donde estás.mp3
Mar 15 05:49 : update: added Ed Maverick/mix pa llorar en tu cuarto/01 Ed Maverick - Fuentes de Ortiz.mp3
Mar 15 05:49 : update: added Ed Maverick/mix pa llorar en tu cuarto/03 Ed Maverick - Tierrita Mojada.mp3
Mar 15 05:49 : update: added Ed Maverick/mix pa llorar en tu cuarto/07 Ed Maverick - Del río.mp3
Mar 15 05:49 : update: added Drake/Scorpion/17 Drake - Finesse.mp3
Mar 15 05:49 : update: added Drake/Scorpion/09 Drake - Can’t Take A Joke.mp3
Mar 15 05:49 : update: added Drake/Scorpion/03 Drake - Elevate.mp3
Mar 15 05:49 : update: added Drake/Scorpion/22 Drake - Don’t Matter To Me.mp3
Mar 15 05:49 : update: added Drake/Scorpion/19 Drake - That’s How You Feel.mp3
Mar 15 05:49 : update: added Drake/Scorpion/01 Drake - Survival.mp3
Mar 15 05:49 : update: added Drake/Scorpion/23 Drake - After Dark.mp3
Mar 15 05:49 : update: added Drake/Scorpion/20 Drake - Blue Tint.mp3
Mar 15 05:49 : update: added Drake/Scorpion/16 Drake - Nice For What.mp3
Mar 15 05:49 : update: added Drake/Scorpion/25 Drake - March 14.mp3
Mar 15 05:49 : update: added Drake/Scorpion/15 Drake - Jaded.mp3
Mar 15 05:49 : update: added Drake/Scorpion/02 Drake - Nonstop.mp3
Mar 15 05:49 : update: added Drake/Scorpion/11 Drake - Talk Up.mp3
Mar 15 05:49 : update: added Drake/Scorpion/24 Drake - Final Fantasy.mp3
Mar 15 05:49 : update: added Drake/Scorpion/10 Drake - Sandra’s Rose.mp3
Mar 15 05:49 : update: added Drake/Scorpion/12 Drake - Is There More.mp3
Mar 15 05:49 : update: added Drake/Scorpion/04 Drake - Emotionless.mp3
Mar 15 05:49 : update: added Drake/Scorpion/21 Drake - In My Feelings.mp3
Mar 15 05:49 : update: added Drake/Scorpion/06 Drake - I'm Upset.mp3
Mar 15 05:49 : update: added Drake/Scorpion/05 Drake - God's Plan.mp3
Mar 15 05:49 : update: added Drake/Scorpion/13 Drake - Peak.mp3
Mar 15 05:49 : update: added Drake/Scorpion/08 Drake - Mob Ties.mp3
Mar 15 05:49 : update: added Drake/Scorpion/18 Drake - Ratchet Happy Birthday.mp3
Mar 15 05:49 : update: added Drake/Scorpion/14 Drake - Summer Games.mp3
Mar 15 05:49 : update: added Bump Of Chicken/Flare/01 BUMP OF CHICKEN - Flare.mp3
Mar 15 05:49 : update: added Bump Of Chicken/虹を待つ人/01 BUMP OF CHICKEN - 虹を待つ人.mp3
Mar 15 05:49 : update: added Bump Of Chicken/COSMONAUT/01 BUMP OF CHICKEN - 三ツ星カルテット.mp3
Mar 15 05:49 : update: added Bump Of Chicken/COSMONAUT/06 BUMP OF CHICKEN - 透明飛行船.mp3
Mar 15 05:49 : update: added Bump Of Chicken/COSMONAUT/04 BUMP OF CHICKEN - 分別奮闘記.mp3
Mar 15 05:49 : update: added Bump Of Chicken/COSMONAUT/12 BUMP OF CHICKEN - 宇宙飛行士への手紙.mp3
Mar 15 05:49 : update: added Bump Of Chicken/COSMONAUT/03 BUMP OF CHICKEN - ウェザーリポート.mp3
Mar 15 05:49 : update: added Bump Of Chicken/COSMONAUT/09 BUMP OF CHICKEN - 66号線.mp3
Mar 15 05:49 : update: added Bump Of Chicken/COSMONAUT/05 BUMP OF CHICKEN - モーターサイクル.mp3
Mar 15 05:49 : update: added Bump Of Chicken/アンサー/01 BUMP OF CHICKEN - アンサー.mp3
Mar 15 05:49 : update: added Bump Of Chicken/Aurora/01 BUMP OF CHICKEN - Aurora.mp3
Mar 15 05:49 : update: added Wacci/日常ドラマチック/07 wacci - 夏休み.mp3
Mar 15 05:49 : update: added Wacci/日常ドラマチック/02 wacci - リスタート.mp3
Mar 15 05:49 : update: added Wacci/日常ドラマチック/03 wacci - キラメキ.mp3
Mar 15 05:49 : update: added Wacci/日常ドラマチック/10 wacci - 君とシチューを食べよう.mp3
Mar 15 05:49 : update: added Wacci/日常ドラマチック/01 wacci - 大丈夫.mp3
Mar 15 05:49 : update: added Wacci/日常ドラマチック/05 wacci - 君なんだよ.mp3
Mar 15 05:49 : update: added Wacci/日常ドラマチック/15 wacci - 歩み.mp3
Mar 15 05:49 : update: added Wacci/日常ドラマチック/14 wacci - 変身.mp3
Mar 15 05:49 : update: added Wacci/日常ドラマチック/09 wacci - 会いにいくよ.mp3
Mar 15 05:49 : update: added Wacci/日常ドラマチック/04 wacci - 東京 ~Album Mix~.mp3
Mar 15 05:49 : update: added Wacci/日常ドラマチック/13 wacci - まっぴら!.mp3
Mar 15 05:49 : update: added Wacci/日常ドラマチック/11 wacci - 羽田空港.mp3
Mar 15 05:49 : update: added Wacci/日常ドラマチック/12 wacci - 君に不採用.mp3
Mar 15 05:49 : update: added Wacci/感情百景/11 wacci - 宝物.mp3
Mar 15 05:49 : update: added Wacci/感情百景/15 wacci - 春風.mp3
Mar 15 05:49 : update: added Wacci/感情百景/13 wacci - スマイル.mp3
Mar 15 05:49 : update: added Wacci/感情百景/03 wacci - 感情.mp3
Mar 15 05:49 : update: added Wacci/感情百景/07 wacci - ケラケラ.mp3
Mar 15 05:49 : update: added Wacci/感情百景/08 wacci - あいの唄.mp3
Mar 15 05:49 : update: added Wacci/感情百景/10 wacci - 恋の宛先.mp3
Mar 15 05:49 : update: added Wacci/感情百景/04 wacci - あいかわらず.mp3
Mar 15 05:49 : update: added Wacci/感情百景/01 wacci - 僕らの日々.mp3
Mar 15 05:49 : update: added One Ok Rock/35xxxv Deluxe Edition/03 ONE OK ROCK - Cry Out.mp3
Mar 15 05:49 : update: added One Ok Rock/35xxxv Deluxe Edition/07 ONE OK ROCK - Memories.mp3
Mar 15 05:49 : update: added One Ok Rock/35xxxv Deluxe Edition/13 ONE OK ROCK - Fight The Night.mp3
Mar 15 05:49 : update: added One Ok Rock/35xxxv Deluxe Edition/11 ONE OK ROCK - One By One.mp3
Mar 15 05:49 : update: added One Ok Rock/35xxxv Deluxe Edition/12 ONE OK ROCK - Stuck In The Middle.mp3
Mar 15 05:49 : update: added One Ok Rock/35xxxv Deluxe Edition/05 ONE OK ROCK - Mighty Long Fall.mp3
Mar 15 05:49 : update: added One Ok Rock/35xxxv Deluxe Edition/06 ONE OK ROCK - Heartache.mp3
Mar 15 05:49 : update: added One Ok Rock/35xxxv Deluxe Edition/10 ONE OK ROCK - Good Goodbye.mp3
Mar 15 05:49 : update: added One Ok Rock/35xxxv Deluxe Edition/04 ONE OK ROCK - Suddenly.mp3
Mar 15 05:49 : update: added One Ok Rock/35xxxv Deluxe Edition/02 ONE OK ROCK - Take Me To The Top.mp3
Mar 15 05:49 : update: added One Ok Rock/35xxxv Deluxe Edition/14 ONE OK ROCK - Last Dance.mp3
Mar 15 05:49 : update: added One Ok Rock/35xxxv Deluxe Edition/15 ONE OK ROCK - The Way Back.mp3
Mar 15 05:49 : update: added One Ok Rock/Eye Of The Storm/12 ONE OK ROCK - Unforgettable.mp3
Mar 15 05:49 : update: added One Ok Rock/Eye Of The Storm/08 ONE OK ROCK - Letting Go.mp3
Mar 15 05:49 : update: added One Ok Rock/Eye Of The Storm/03 ONE OK ROCK - Head High.mp3
Mar 15 05:49 : update: added One Ok Rock/Eye Of The Storm/05 ONE OK ROCK - Push Back.mp3
Mar 15 05:49 : update: added One Ok Rock/Eye Of The Storm/02 ONE OK ROCK - Stand Out Fit In.mp3
Mar 15 05:49 : update: added One Ok Rock/Eye Of The Storm/01 ONE OK ROCK - Eye Of The Storm.mp3
Mar 15 05:49 : update: added One Ok Rock/Eye Of The Storm/09 ONE OK ROCK - Worst In Me.mp3
Mar 15 05:49 : update: added One Ok Rock/Eye Of The Storm/06 ONE OK ROCK - Wasted Nights.mp3
Mar 15 05:49 : update: added One Ok Rock/Eye Of The Storm/10 ONE OK ROCK - In The Stars.mp3
Mar 15 05:49 : update: added One Ok Rock/Eye Of The Storm/07 ONE OK ROCK - Change.mp3
Mar 15 05:49 : update: added One Ok Rock/Eye Of The Storm/13 ONE OK ROCK - The Last Time.mp3
Mar 15 05:49 : update: added One Ok Rock/Eye Of The Storm/04 ONE OK ROCK - Grow Old Die Young.mp3
Mar 15 05:49 : update: added One Ok Rock/Eye Of The Storm/11 ONE OK ROCK - Giants.mp3
Mar 15 05:49 : update: added One Ok Rock/Ambitions [日本盤]/13 ONE OK ROCK - Start Again.mp3
Mar 15 05:49 : update: added One Ok Rock/Ambitions [日本盤]/12 ONE OK ROCK - Bon Voyage.mp3
Mar 15 05:49 : update: added One Ok Rock/Ambitions [日本盤]/02 ONE OK ROCK - Bombs away.mp3
Mar 15 05:49 : update: added One Ok Rock/Ambitions [日本盤]/11 ONE OK ROCK - One Way Ticket.mp3
Mar 15 05:49 : update: added One Ok Rock/Ambitions [日本盤]/08 ONE OK ROCK - Lost in Tonight.mp3
Mar 15 05:49 : update: added One Ok Rock/Ambitions [日本盤]/04 ONE OK ROCK - We are.mp3
Mar 15 05:49 : update: added One Ok Rock/Ambitions [日本盤]/07 ONE OK ROCK - Bedroom Warfare.mp3
Mar 15 05:49 : update: added One Ok Rock/Ambitions [日本盤]/06 ONE OK ROCK - Always coming back.mp3
Mar 15 05:49 : update: added One Ok Rock/Ambitions [日本盤]/09 ONE OK ROCK - I was King.mp3
Mar 15 05:49 : update: added One Ok Rock/Ambitions [日本盤]/10 ONE OK ROCK - Listen.mp3
Mar 15 05:49 : update: added One Ok Rock/Ambitions [日本盤]/03 ONE OK ROCK - Taking Off.mp3
Mar 15 05:49 : update: added Galileo Galilei/パレード/11 Galileo Galilei - 管制塔 acoustic.mp3
Mar 15 05:49 : update: added Galileo Galilei/パレード/06 Galileo Galilei - 夜の窓辺と四つ叶のクローバー.mp3
Mar 15 05:49 : update: added Galileo Galilei/パレード/01 Galileo Galilei - 仆から君へ.mp3
Mar 15 05:49 : update: added Galileo Galilei/パレード/08 Galileo Galilei - フラッピー.mp3
Mar 15 05:49 : update: added Galileo Galilei/パレード/05 Galileo Galilei - 四ツ叶さがしの旅人.mp3
Mar 15 05:49 : update: added Galileo Galilei/パレード/10 Galileo Galilei - SIREN.mp3
Mar 15 05:49 : update: added Galileo Galilei/パレード/09 Galileo Galilei - どうでもいい.mp3
Mar 15 05:49 : update: added Galileo Galilei/パレード/07 Galileo Galilei - 夏空.mp3
Mar 15 05:49 : update: added Galileo Galilei/パレード/02 Galileo Galilei - 稚内.mp3
Mar 15 05:49 : update: added Galileo Galilei/パレード/04 Galileo Galilei - ハマナスの花.mp3
Mar 15 05:49 : update: added Galileo Galilei/Sea and The Darkness/12 Galileo Galilei - ブルース.mp3
Mar 15 05:49 : update: added Galileo Galilei/Sea and The Darkness/04 Galileo Galilei - ウェンズデイ.mp3
Mar 15 05:49 : update: added Galileo Galilei/Sea and The Darkness/13 Galileo Galilei - 青い血.mp3
Mar 15 05:49 : update: added Galileo Galilei/Sea and The Darkness/09 Galileo Galilei - 恋の寿命.mp3
Mar 15 05:49 : update: added Galileo Galilei/Sea and The Darkness/08 Galileo Galilei - 日曜.mp3
Mar 15 05:49 : update: added Galileo Galilei/Sea and The Darkness/07 Galileo Galilei - 燃える森と氷河.mp3
Mar 15 05:49 : update: added Galileo Galilei/Sea and The Darkness/05 Galileo Galilei - ベッド.mp3
Mar 15 05:49 : update: added Galileo Galilei/Sea and The Darkness/11 Galileo Galilei - ユニーク.mp3
Mar 15 05:49 : update: added Galileo Galilei/Sea and The Darkness/06 Galileo Galilei - 鳥と鳥.mp3
Mar 15 05:49 : update: added Galileo Galilei/Sea and The Darkness/02 Galileo Galilei - カンフーボーイ.mp3
Mar 15 05:49 : update: added Galileo Galilei/Sea and The Darkness/10 Galileo Galilei - 嵐のあとで.mp3
Mar 15 05:49 : update: added Galileo Galilei/Sea and The Darkness/15 Galileo Galilei - クライマー re-master ver.mp3
Mar 15 05:49 : update: added Galileo Galilei/Sea and The Darkness/01 Galileo Galilei - Sea and The Darkness.mp3
Mar 15 05:49 : update: added Galileo Galilei/Sea and The Darkness/03 Galileo Galilei - ゴースト.mp3
Mar 15 05:49 : update: added The Oral Cigarettes/Kisses and Kills/01 THE ORAL CIGARETTES - もういいかい？.mp3
Mar 15 05:49 : update: added The Oral Cigarettes/Kisses and Kills/10 THE ORAL CIGARETTES - ReI.mp3
Mar 15 05:49 : update: added The Oral Cigarettes/Kisses and Kills/07 THE ORAL CIGARETTES - リブロックアート.mp3
Mar 15 05:49 : update: added The Oral Cigarettes/Kisses and Kills/08 THE ORAL CIGARETTES - 容姿端麗な嘘.mp3
Mar 15 05:49 : update: added The Oral Cigarettes/Kisses and Kills/03 THE ORAL CIGARETTES - PSYCHOPATH.mp3
Mar 15 05:49 : update: added The Oral Cigarettes/Kisses and Kills/06 THE ORAL CIGARETTES - トナリアウ.mp3
Mar 15 05:49 : update: added The Oral Cigarettes/Kisses and Kills/04 THE ORAL CIGARETTES - Ladies and Gentlemen.mp3
Mar 15 05:49 : update: added The Oral Cigarettes/Kisses and Kills/05 THE ORAL CIGARETTES - What you want.mp3
Mar 15 05:49 : update: added The Oral Cigarettes/SUCK MY WORLD/13 THE ORAL CIGARETTES - From Dusk Till Dawn.mp3
Mar 15 05:49 : update: added The Oral Cigarettes/SUCK MY WORLD/05 THE ORAL CIGARETTES - Maze.mp3
Mar 15 05:49 : update: added The Oral Cigarettes/SUCK MY WORLD/10 THE ORAL CIGARETTES - Shine Holder.mp3
Mar 15 05:49 : update: added The Oral Cigarettes/SUCK MY WORLD/11 THE ORAL CIGARETTES - Naked.mp3
Mar 15 05:49 : update: added The Oral Cigarettes/SUCK MY WORLD/14 THE ORAL CIGARETTES - The Given.mp3
Mar 15 05:49 : update: added The Oral Cigarettes/SUCK MY WORLD/07 THE ORAL CIGARETTES - Hallelujah.mp3
Mar 15 05:49 : update: added The Oral Cigarettes/SUCK MY WORLD/06 THE ORAL CIGARETTES - Don't you think.mp3
Mar 15 05:49 : update: added The Oral Cigarettes/SUCK MY WORLD/04 THE ORAL CIGARETTES - Dream In Drive.mp3
Mar 15 05:49 : update: added The Oral Cigarettes/SUCK MY WORLD/08 THE ORAL CIGARETTES - Breathe.mp3
Mar 15 05:49 : update: added The Oral Cigarettes/SUCK MY WORLD/15 THE ORAL CIGARETTES - Slowly but surely I go on.mp3
Mar 15 05:49 : update: added The Oral Cigarettes/SUCK MY WORLD/09 THE ORAL CIGARETTES - ワガママで誤魔化さないで.mp3
Mar 15 05:49 : update: added The Oral Cigarettes/SUCK MY WORLD/02 THE ORAL CIGARETTES - Tonight the silence kills me with your fire.mp3
Mar 15 05:49 : update: added The Oral Cigarettes/SUCK MY WORLD/03 THE ORAL CIGARETTES - Fantasy.mp3
Mar 15 05:49 : update: added The Oral Cigarettes/SUCK MY WORLD/12 THE ORAL CIGARETTES - Color Tokyo.mp3
Mar 15 05:49 : update: added The Oral Cigarettes/Before It's Too Late/29 THE ORAL CIGARETTES - 透明な雨宿り.mp3
Mar 15 05:49 : update: added The Oral Cigarettes/Before It's Too Late/26 THE ORAL CIGARETTES - 出会い街.mp3
Mar 15 05:49 : update: added The Oral Cigarettes/Before It's Too Late/31 THE ORAL CIGARETTES - エンドロール.mp3
Mar 15 05:49 : update: added The Oral Cigarettes/Before It's Too Late/04 THE ORAL CIGARETTES - 嫌い.mp3
Mar 15 05:49 : update: added The Oral Cigarettes/Before It's Too Late/18 THE ORAL CIGARETTES - BLACK MEMORY.mp3
Mar 15 05:49 : update: added The Oral Cigarettes/Before It's Too Late/06 THE ORAL CIGARETTES - エイミー.mp3
Mar 15 05:49 : update: added The Oral Cigarettes/Before It's Too Late/30 THE ORAL CIGARETTES - Flower.mp3
Mar 15 05:49 : update: added The Oral Cigarettes/Before It's Too Late/23 THE ORAL CIGARETTES - モンスターエフェクト.mp3
Mar 15 05:49 : update: added The Oral Cigarettes/Before It's Too Late/33 THE ORAL CIGARETTES - Everything.mp3
Mar 15 05:49 : update: added The Oral Cigarettes/Before It's Too Late/32 THE ORAL CIGARETTES - 不透明な雪化粧.mp3
Mar 15 05:49 : update: added The Oral Cigarettes/Before It's Too Late/09 THE ORAL CIGARETTES - 気づけよBaby.mp3
Mar 15 05:49 : update: added The Oral Cigarettes/Before It's Too Late/22 THE ORAL CIGARETTES - GET BACK.mp3
Mar 15 05:49 : update: added The Oral Cigarettes/Before It's Too Late/16 THE ORAL CIGARETTES - トナリアウ.mp3
Mar 15 05:49 : update: added The Oral Cigarettes/Before It's Too Late/07 THE ORAL CIGARETTES - カンタンナコト.mp3
Mar 15 05:49 : update: added The Oral Cigarettes/Before It's Too Late/19 THE ORAL CIGARETTES - ReI.mp3
Mar 15 05:49 : update: added The Oral Cigarettes/Before It's Too Late/14 THE ORAL CIGARETTES - リコリス.mp3
Mar 15 05:49 : update: added The Oral Cigarettes/Before It's Too Late/05 THE ORAL CIGARETTES - STARGET.mp3
Mar 15 05:49 : update: added The Oral Cigarettes/Before It's Too Late/27 THE ORAL CIGARETTES - ミステイル.mp3
Mar 15 05:49 : update: added The Oral Cigarettes/Before It's Too Late/03 THE ORAL CIGARETTES - 起死回生STORY.mp3
Mar 15 05:49 : update: added The Oral Cigarettes/Before It's Too Late/21 THE ORAL CIGARETTES - 接触.mp3
Mar 15 05:49 : update: added The Oral Cigarettes/Before It's Too Late/15 THE ORAL CIGARETTES - Shala La.mp3
Mar 15 05:49 : update: added The Oral Cigarettes/Before It's Too Late/17 THE ORAL CIGARETTES - ONE'S AGAIN.mp3
Mar 15 05:49 : update: added The Oral Cigarettes/Before It's Too Late/12 THE ORAL CIGARETTES - CATCH ME.mp3
Mar 15 05:49 : update: added The Oral Cigarettes/Before It's Too Late/25 THE ORAL CIGARETTES - Uh...Man.mp3
Mar 15 05:49 : update: added The Oral Cigarettes/Before It's Too Late/20 THE ORAL CIGARETTES - 容姿端麗な嘘.mp3
Mar 15 05:49 : update: added The Oral Cigarettes/Before It's Too Late/24 THE ORAL CIGARETTES - See the lights.mp3
Mar 15 05:49 : update: added The Oral Cigarettes/Before It's Too Late/08 THE ORAL CIGARETTES - 狂乱 Hey Kids!!.mp3
Mar 15 05:49 : update: added The Oral Cigarettes/Before It's Too Late/02 THE ORAL CIGARETTES - Mr.ファントム.mp3
Mar 15 05:49 : update: added Alüto/歌とギターとバイオリン/09 alüto - 黒い羽.mp3
Mar 15 05:49 : update: added Alüto/歌とギターとバイオリン/08 alüto - 朧月.mp3
Mar 15 05:49 : update: added Alüto/歌とギターとバイオリン/13 alüto - 春の音.mp3
Mar 15 05:49 : update: added Alüto/歌とギターとバイオリン/07 alüto - 魔法のリズム.mp3
Mar 15 05:49 : update: added Alüto/歌とギターとバイオリン/10 alüto - 道 ～to you all Album Version.mp3
Mar 15 05:49 : update: added Alüto/歌とギターとバイオリン/02 alüto - 未来空想.mp3
Mar 15 05:49 : update: added Alüto/歌とギターとバイオリン/11 alüto - 多摩川夜曲.mp3
Mar 15 05:49 : update: added Alüto/歌とギターとバイオリン/03 alüto - 粉雪舞って.mp3
Mar 15 05:49 : update: added Alüto/歌とギターとバイオリン/01 alüto - てのひら.mp3
Mar 15 05:49 : update: added Alüto/歌とギターとバイオリン/12 alüto - 歌うたいのバラッド.mp3
Mar 15 05:49 : update: added Alüto/歌とギターとバイオリン/04 alüto - 君の声.mp3
Mar 15 05:49 : update: added Alüto/歌とギターとバイオリン/06 alüto - 愛に手ふれて Album Mix.mp3
Mar 15 05:49 : update: added The Weeknd/After Hours/08 The Weeknd - Faith.mp3
Mar 15 05:49 : update: added The Weeknd/After Hours/02 The Weeknd - Too Late.mp3
Mar 15 05:49 : update: added The Weeknd/After Hours/03 The Weeknd - Hardest To Love.mp3
Mar 15 05:49 : update: added The Weeknd/After Hours/07 The Weeknd - Heartless.mp3
Mar 15 05:49 : update: added The Weeknd/After Hours/04 The Weeknd - Scared To Live.mp3
Mar 15 05:49 : update: added The Weeknd/After Hours/10 The Weeknd - In Your Eyes.mp3
Mar 15 05:49 : update: added The Weeknd/After Hours/13 The Weeknd - After Hours.mp3
Mar 15 05:49 : update: added The Weeknd/After Hours/01 The Weeknd - Alone Again.mp3
Mar 15 05:49 : update: added The Weeknd/After Hours/12 The Weeknd - Repeat After Me Interlude.mp3
Mar 15 05:49 : update: added The Weeknd/After Hours/09 The Weeknd - Blinding Lights.mp3
Mar 15 05:49 : update: added The Weeknd/After Hours/11 The Weeknd - Save Your Tears.mp3
Mar 15 05:49 : update: added The Weeknd/After Hours/14 The Weeknd - Until I Bleed Out.mp3
Mar 15 05:49 : update: added The Weeknd/King Of The Fall/01 The Weeknd - King Of The Fall.mp3
Mar 15 05:49 : update: added Glass Beach/the first glass beach album/02 glass beach - bedroom community.mp3
Mar 15 05:49 : update: added Glass Beach/the first glass beach album/08 glass beach - glass beach.mp3
Mar 15 05:49 : update: added Glass Beach/the first glass beach album/04 glass beach - bone skull.mp3
Mar 15 05:49 : update: added Glass Beach/the first glass beach album/07 glass beach - calico.mp3
Mar 15 05:49 : update: added Glass Beach/the first glass beach album/06 glass beach - cold weather.mp3
Mar 15 05:49 : update: added Glass Beach/the first glass beach album/05 glass beach - neon glow.mp3
Mar 15 05:49 : update: added Saucy Dog/テイクミー/03 Saucy Dog - 雷に打たれて.mp3
Mar 15 05:49 : update: added Saucy Dog/テイクミー/05 Saucy Dog - film.mp3
Mar 15 05:49 : update: added Saucy Dog/テイクミー/07 Saucy Dog - 猫の背.mp3
Mar 15 05:49 : update: added Saucy Dog/テイクミー/06 Saucy Dog - BLUE.mp3
Mar 15 05:49 : update: added Saucy Dog/テイクミー/02 Saucy Dog - 今更だって僕は言うかな.mp3
Mar 15 05:49 : update: added Saucy Dog/カントリーロード/07 Saucy Dog - グッバイ.mp3
Mar 15 05:49 : update: added Saucy Dog/カントリーロード/03 Saucy Dog - いつか.mp3
Mar 15 05:49 : update: added Saucy Dog/カントリーロード/05 Saucy Dog - マザーロード.mp3
Mar 15 05:49 : update: added Saucy Dog/カントリーロード/01 Saucy Dog - 煙.mp3
Mar 15 05:49 : update: added Saucy Dog/カントリーロード/02 Saucy Dog - ナイトクロージング.mp3
Mar 15 05:50 : exception: Failed to open /home/wuxxf/.mpd/playlists: No such file or directory
Mar 15 05:50 : exception: Failed to open /home/wuxxf/.mpd/playlists: No such file or directory
Mar 15 05:50 : exception: Failed to open /home/wuxxf/.mpd/playlists: No such file or directory
Mar 15 05:50 : exception: Failed to open /home/wuxxf/.mpd/playlists: No such file or directory
Mar 15 05:50 : exception: Failed to open /home/wuxxf/.mpd/playlists: No such file or directory
Mar 15 05:54 : player: played "Ed Maverick/mix pa llorar en tu cuarto/01 Ed Maverick - Fuentes de Ortiz.mp3"
Mar 15 05:59 : player: played "Ed Maverick/mix pa llorar en tu cuarto/09 Ed Maverick - Wru donde estás.mp3"
Mar 15 06:19 : player: played "Ed Maverick/mix pa llorar en tu cuarto/05 Ed Maverick - Karpe Diem.mp3"
Mar 15 06:19 : exception: Failed to open /home/wuxxf/.mpd/playlists: No such file or directory
Mar 15 06:23 : player: played "Galileo Galilei/Sea and The Darkness/04 Galileo Galilei - ウェンズデイ.mp3"
Mar 15 06:27 : player: played "Galileo Galilei/Sea and The Darkness/05 Galileo Galilei - ベッド.mp3"
Mar 15 06:36 : exception: Failed to open /home/wuxxf/.mpd/playlists: No such file or directory
Mar 15 06:36 : exception: Failed to open /home/wuxxf/.mpd/playlists: No such file or directory
Mar 15 06:37 : exception: Failed to open /home/wuxxf/.mpd/playlists: No such file or directory
Mar 15 06:37 : exception: Failed to open /home/wuxxf/.mpd/playlists: No such file or directory
Mar 15 06:37 : exception: Failed to open /home/wuxxf/.mpd/playlists: No such file or directory
Mar 15 06:37 : exception: Failed to open /home/wuxxf/.mpd/playlists: No such file or directory
Mar 15 06:37 : exception: Failed to open /home/wuxxf/.mpd/playlists: No such file or directory
Mar 15 06:37 : exception: Failed to open /home/wuxxf/.mpd/playlists: No such file or directory
Mar 15 06:37 : exception: Failed to open /home/wuxxf/.mpd/playlists: No such file or directory
Mar 15 06:38 : exception: Failed to open /home/wuxxf/.mpd/playlists: No such file or directory
Mar 15 06:38 : exception: Failed to open /home/wuxxf/.mpd/playlists: No such file or directory
Mar 15 06:38 : exception: Failed to open /home/wuxxf/.mpd/playlists: No such file or directory
Mar 15 06:47 : player: played "One Ok Rock/35xxxv Deluxe Edition/07 ONE OK ROCK - Memories.mp3"
Mar 15 09:51 : player: played "One Ok Rock/35xxxv Deluxe Edition/10 ONE OK ROCK - Good Goodbye.mp3"
Mar 15 10:09 : player: played "One Ok Rock/Ambitions [日本盤]/04 ONE OK ROCK - We are.mp3"
Mar 15 12:22 : player: played "One Ok Rock/35xxxv Deluxe Edition/11 ONE OK ROCK - One By One.mp3"
Mar 15 12:26 : player: played "One Ok Rock/35xxxv Deluxe Edition/12 ONE OK ROCK - Stuck In The Middle.mp3"
Mar 15 12:30 : player: played "One Ok Rock/35xxxv Deluxe Edition/13 ONE OK ROCK - Fight The Night.mp3"
Mar 15 12:34 : player: played "One Ok Rock/Ambitions [日本盤]/13 ONE OK ROCK - Start Again.mp3"
Mar 15 12:39 : player: played "Saucy Dog/カントリーロード/07 Saucy Dog - グッバイ.mp3"
Mar 15 12:44 : player: played "Saucy Dog/カントリーロード/03 Saucy Dog - いつか.mp3"
Mar 15 12:47 : player: played "Saucy Dog/テイクミー/05 Saucy Dog - film.mp3"
Mar 16 04:50 : player: played "Saucy Dog/テイクミー/05 Saucy Dog - film.mp3"
Mar 16 07:41 : player: played "Saucy Dog/テイクミー/02 Saucy Dog - 今更だって僕は言うかな.mp3"
Mar 16 21:49 : exception: Failed to open /home/wuxxf/.mpd/playlists: No such file or directory
Mar 16 21:49 : exception: Failed to open /home/wuxxf/.mpd/playlists: No such file or directory
Mar 16 21:49 : exception: Failed to open /home/wuxxf/.mpd/playlists: No such file or directory
Mar 16 21:49 : exception: Failed to open /home/wuxxf/.mpd/playlists: No such file or directory
Mar 16 21:49 : exception: Failed to open /home/wuxxf/.mpd/playlists: No such file or directory
Mar 16 21:49 : exception: Failed to open /home/wuxxf/.mpd/playlists: No such file or directory
Mar 16 21:49 : exception: Failed to open /home/wuxxf/.mpd/playlists: No such file or directory
Mar 16 21:49 : exception: Failed to open /home/wuxxf/.mpd/playlists: No such file or directory
Mar 16 21:49 : exception: Failed to open /home/wuxxf/.mpd/playlists: No such file or directory
Mar 16 21:49 : exception: Failed to open /home/wuxxf/.mpd/playlists: No such file or directory
Mar 16 21:49 : exception: Failed to open /home/wuxxf/.mpd/playlists: No such file or directory
Mar 16 21:49 : exception: Failed to open /home/wuxxf/.mpd/playlists: No such file or directory
Mar 16 21:49 : exception: Failed to open /home/wuxxf/.mpd/playlists: No such file or directory
Mar 16 21:49 : exception: Failed to open /home/wuxxf/.mpd/playlists: No such file or directory
Mar 16 21:49 : exception: Failed to open /home/wuxxf/.mpd/playlists: No such file or directory
Mar 16 21:49 : exception: Failed to open /home/wuxxf/.mpd/playlists: No such file or directory
Mar 16 21:49 : exception: Failed to open /home/wuxxf/.mpd/playlists: No such file or directory
Mar 16 21:49 : exception: Failed to open /home/wuxxf/.mpd/playlists: No such file or directory
Mar 16 21:49 : exception: Failed to open /home/wuxxf/.mpd/playlists: No such file or directory
Mar 16 21:49 : exception: Failed to open /home/wuxxf/.mpd/playlists: No such file or directory
Mar 16 21:49 : exception: Failed to open /home/wuxxf/.mpd/playlists: No such file or directory
Mar 16 21:49 : exception: Failed to open /home/wuxxf/.mpd/playlists: No such file or directory
Mar 16 21:49 : exception: Failed to open /home/wuxxf/.mpd/playlists: No such file or directory
Mar 16 21:49 : exception: Failed to open /home/wuxxf/.mpd/playlists: No such file or directory
Mar 16 21:49 : exception: Failed to open /home/wuxxf/.mpd/playlists: No such file or directory
Mar 16 21:49 : exception: Failed to open /home/wuxxf/.mpd/playlists: No such file or directory
Mar 16 21:49 : exception: Failed to open /home/wuxxf/.mpd/playlists: No such file or directory
Mar 16 21:49 : exception: Failed to open /home/wuxxf/.mpd/playlists: No such file or directory
Mar 16 21:49 : exception: Failed to open /home/wuxxf/.mpd/playlists: No such file or directory
Mar 16 21:49 : exception: Failed to open /home/wuxxf/.mpd/playlists: No such file or directory
Mar 16 21:49 : exception: Failed to open /home/wuxxf/.mpd/playlists: No such file or directory
Mar 16 21:49 : exception: Failed to open /home/wuxxf/.mpd/playlists: No such file or directory
Mar 16 21:50 : exception: Failed to open /home/wuxxf/.mpd/playlists: No such file or directory
Mar 16 21:50 : exception: Failed to open /home/wuxxf/.mpd/playlists: No such file or directory
Mar 16 21:50 : exception: Failed to open /home/wuxxf/.mpd/playlists: No such file or directory
Mar 16 21:50 : exception: Failed to open /home/wuxxf/.mpd/playlists: No such file or directory
Mar 16 21:50 : exception: Failed to open /home/wuxxf/.mpd/playlists: No such file or directory
Mar 16 21:50 : exception: Failed to open /home/wuxxf/.mpd/playlists: No such file or directory
Mar 16 21:50 : exception: Failed to open /home/wuxxf/.mpd/playlists: No such file or directory
Mar 16 21:50 : exception: Failed to open /home/wuxxf/.mpd/playlists: No such file or directory
Mar 16 21:50 : exception: Failed to open /home/wuxxf/.mpd/playlists: No such file or directory
Mar 16 21:50 : exception: Failed to open /home/wuxxf/.mpd/playlists: No such file or directory
Mar 16 21:50 : exception: Failed to open /home/wuxxf/.mpd/playlists: No such file or directory
Mar 16 21:50 : exception: Failed to open /home/wuxxf/.mpd/playlists: No such file or directory
Mar 16 21:50 : exception: Failed to open /home/wuxxf/.mpd/playlists: No such file or directory
Mar 16 21:50 : exception: Failed to open /home/wuxxf/.mpd/playlists: No such file or directory
Mar 16 21:50 : exception: Failed to open /home/wuxxf/.mpd/playlists: No such file or directory
Mar 16 21:50 : exception: Failed to open /home/wuxxf/.mpd/playlists: No such file or directory
Mar 16 21:50 : exception: Failed to open /home/wuxxf/.mpd/playlists: No such file or directory
Mar 16 21:50 : player: played "Saucy Dog/テイクミー/02 Saucy Dog - 今更だって僕は言うかな.mp3"
Mar 16 21:50 : exception: Failed to open /home/wuxxf/.mpd/playlists: No such file or directory
Mar 16 21:50 : exception: Failed to open /home/wuxxf/.mpd/playlists: No such file or directory
Mar 16 21:50 : exception: Failed to open /home/wuxxf/.mpd/playlists: No such file or directory
Mar 16 21:50 : exception: Failed to open /home/wuxxf/.mpd/playlists: No such file or directory
Mar 16 21:50 : exception: Failed to open /home/wuxxf/.mpd/playlists: No such file or directory
Mar 16 21:50 : exception: Failed to open /home/wuxxf/.mpd/playlists: No such file or directory
Mar 16 21:50 : exception: Failed to open /home/wuxxf/.mpd/playlists: No such file or directory
Mar 16 21:50 : exception: Failed to open /home/wuxxf/.mpd/playlists: No such file or directory
Mar 16 21:50 : exception: Failed to open /home/wuxxf/.mpd/playlists: No such file or directory
Mar 16 21:50 : exception: Failed to open /home/wuxxf/.mpd/playlists: No such file or directory
Mar 16 21:50 : exception: Failed to open /home/wuxxf/.mpd/playlists: No such file or directory
Mar 16 21:50 : exception: Failed to open /home/wuxxf/.mpd/playlists: No such file or directory
Mar 16 21:50 : exception: Failed to open /home/wuxxf/.mpd/playlists: No such file or directory
Mar 16 22:44 : player: played "The Oral Cigarettes/SUCK MY WORLD/07 THE ORAL CIGARETTES - Hallelujah.mp3"
Mar 16 22:49 : player: played "Saucy Dog/テイクミー/05 Saucy Dog - film.mp3"
Mar 16 22:56 : player: played "The Oral Cigarettes/Kisses and Kills/01 THE ORAL CIGARETTES - もういいかい？.mp3"
Mar 16 23:00 : player: played "The Oral Cigarettes/Kisses and Kills/03 THE ORAL CIGARETTES - PSYCHOPATH.mp3"
Mar 16 23:02 : player: played "The Oral Cigarettes/Kisses and Kills/04 THE ORAL CIGARETTES - Ladies and Gentlemen.mp3"
Mar 16 23:06 : player: played "The Oral Cigarettes/Kisses and Kills/05 THE ORAL CIGARETTES - What you want.mp3"
Mar 16 23:11 : player: played "The Oral Cigarettes/Kisses and Kills/06 THE ORAL CIGARETTES - トナリアウ.mp3"
Mar 16 23:15 : player: played "The Oral Cigarettes/Kisses and Kills/07 THE ORAL CIGARETTES - リブロックアート.mp3"
Mar 16 23:19 : player: played "The Oral Cigarettes/Kisses and Kills/08 THE ORAL CIGARETTES - 容姿端麗な嘘.mp3"
Mar 16 23:23 : player: played "The Oral Cigarettes/Kisses and Kills/10 THE ORAL CIGARETTES - ReI.mp3"
Mar 16 23:25 : player: played "The Oral Cigarettes/SUCK MY WORLD/02 THE ORAL CIGARETTES - Tonight the silence kills me with your fire.mp3"
Mar 17 13:01 : player: played "One Ok Rock/35xxxv Deluxe Edition/12 ONE OK ROCK - Stuck In The Middle.mp3"
Mar 17 13:05 : player: played "One Ok Rock/35xxxv Deluxe Edition/13 ONE OK ROCK - Fight The Night.mp3"
Mar 17 13:08 : player: played "One Ok Rock/35xxxv Deluxe Edition/14 ONE OK ROCK - Last Dance.mp3"
Mar 17 13:11 : player: played "One Ok Rock/35xxxv Deluxe Edition/14 ONE OK ROCK - Last Dance.mp3"
Mar 17 13:14 : player: played "One Ok Rock/35xxxv Deluxe Edition/15 ONE OK ROCK - The Way Back.mp3"
Mar 17 13:19 : player: played "One Ok Rock/Ambitions [日本盤]/04 ONE OK ROCK - We are.mp3"
Mar 17 13:22 : player: played "One Ok Rock/Ambitions [日本盤]/06 ONE OK ROCK - Always coming back.mp3"
Mar 17 13:26 : player: played "One Ok Rock/Ambitions [日本盤]/07 ONE OK ROCK - Bedroom Warfare.mp3"
Mar 17 13:28 : player: played "One Ok Rock/Ambitions [日本盤]/08 ONE OK ROCK - Lost in Tonight.mp3"
Mar 17 14:03 : player: played "Ed Maverick/mix pa llorar en tu cuarto/01 Ed Maverick - Fuentes de Ortiz.mp3"
Mar 17 14:06 : player: played "Ed Maverick/mix pa llorar en tu cuarto/09 Ed Maverick - Wru donde estás.mp3"
Mar 18 03:45 : player: played "Ed Maverick/mix pa llorar en tu cuarto/05 Ed Maverick - Karpe Diem.mp3"
